# JRE version: Java(TM) SE Runtime Environment (17.0.6+9) (build 17.0.6+9-LTS-190)
# Java VM: Java HotSpot(TM) 64-Bit Server VM (17.0.6+9-LTS-190, mixed mode, sharing, tiered, compressed oops, compressed class ptrs, g1 gc, windows-amd64)
GC Precious Log:
 CPUs: 16 total, 16 available
 Memory: 32565M
 Large Page Support: Disabled
 NUMA Support: Disabled
 Compressed Oops: Enabled (32-bit)
 Heap Region Size: 1M
 Heap Min Capacity: 256M
 Heap Initial Capacity: 256M
 Heap Max Capacity: 512M
 Pre-touch: Disabled
 Parallel Workers: 13
 Concurrent Workers: 3
 Concurrent Refinement Workers: 13
 Periodic GC: Disabled
Heap:
 garbage-first heap   total 262144K, used 142300K [0x00000000e0000000, 0x0000000100000000)
  region size 1024K, 47 young (48128K), 4 survivors (4096K)
 Metaspace       used 63319K, committed 64064K, reserved 372736K
  class space    used 9056K, committed 9408K, reserved 315392K
GC Heap History (20 events):
Event: 1.225 GC heap before
{Heap before GC invocations=1 (full 0):
 garbage-first heap   total 262144K, used 37630K [0x00000000e0000000, 0x0000000100000000)
  region size 1024K, 35 young (35840K), 2 survivors (2048K)
 Metaspace       used 4445K, committed 4608K, reserved 323584K
  class space    used 551K, committed 640K, reserved 315392K
}
Event: 1.229 GC heap after
{Heap after GC invocations=2 (full 0):
 garbage-first heap   total 262144K, used 11266K [0x00000000e0000000, 0x0000000100000000)
  region size 1024K, 5 young (5120K), 5 survivors (5120K)
 Metaspace       used 4445K, committed 4608K, reserved 323584K
  class space    used 551K, committed 640K, reserved 315392K
}
Event: 3.298 GC heap before
{Heap before GC invocations=2 (full 0):
 garbage-first heap   total 262144K, used 117762K [0x00000000e0000000, 0x0000000100000000)
  region size 1024K, 107 young (109568K), 5 survivors (5120K)
 Metaspace       used 14745K, committed 15040K, reserved 331776K
  class space    used 2024K, committed 2176K, reserved 315392K
}
Event: 3.310 GC heap after
{Heap after GC invocations=3 (full 0):
 garbage-first heap   total 262144K, used 20917K [0x00000000e0000000, 0x0000000100000000)
  region size 1024K, 14 young (14336K), 14 survivors (14336K)
 Metaspace       used 14745K, committed 15040K, reserved 331776K
  class space    used 2024K, committed 2176K, reserved 315392K
}
Event: 4.257 GC heap before
{Heap before GC invocations=3 (full 0):
 garbage-first heap   total 262144K, used 76213K [0x00000000e0000000, 0x0000000100000000)
  region size 1024K, 69 young (70656K), 14 survivors (14336K)
 Metaspace       used 21125K, committed 21504K, reserved 339968K
  class space    used 3072K, committed 3264K, reserved 315392K
}
Event: 4.264 GC heap after
{Heap after GC invocations=4 (full 0):
 garbage-first heap   total 262144K, used 24274K [0x00000000e0000000, 0x0000000100000000)
  region size 1024K, 12 young (12288K), 12 survivors (12288K)
 Metaspace       used 21125K, committed 21504K, reserved 339968K
  class space    used 3072K, committed 3264K, reserved 315392K
}
Event: 6.323 GC heap before
{Heap before GC invocations=5 (full 0):
 garbage-first heap   total 262144K, used 177874K [0x00000000e0000000, 0x0000000100000000)
  region size 1024K, 133 young (136192K), 12 survivors (12288K)
 Metaspace       used 35486K, committed 35968K, reserved 348160K
  class space    used 4899K, committed 5120K, reserved 315392K
}
Event: 6.332 GC heap after
{Heap after GC invocations=6 (full 0):
 garbage-first heap   total 262144K, used 61909K [0x00000000e0000000, 0x0000000100000000)
  region size 1024K, 15 young (15360K), 15 survivors (15360K)
 Metaspace       used 35486K, committed 35968K, reserved 348160K
  class space    used 4899K, committed 5120K, reserved 315392K
}
Event: 6.350 GC heap before
{Heap before GC invocations=6 (full 0):
 garbage-first heap   total 262144K, used 62933K [0x00000000e0000000, 0x0000000100000000)
  region size 1024K, 16 young (16384K), 15 survivors (15360K)
 Metaspace       used 35691K, committed 36224K, reserved 348160K
  class space    used 4912K, committed 5184K, reserved 315392K
}
Event: 6.355 GC heap after
{Heap after GC invocations=7 (full 0):
 garbage-first heap   total 262144K, used 62685K [0x00000000e0000000, 0x0000000100000000)
  region size 1024K, 2 young (2048K), 2 survivors (2048K)
 Metaspace       used 35691K, committed 36224K, reserved 348160K
  class space    used 4912K, committed 5184K, reserved 315392K
}
Event: 6.371 GC heap before
{Heap before GC invocations=7 (full 0):
 garbage-first heap   total 262144K, used 63709K [0x00000000e0000000, 0x0000000100000000)
  region size 1024K, 4 young (4096K), 2 survivors (2048K)
 Metaspace       used 35782K, committed 36288K, reserved 348160K
  class space    used 4924K, committed 5184K, reserved 315392K
}
Event: 6.373 GC heap after
{Heap after GC invocations=8 (full 0):
 garbage-first heap   total 262144K, used 61411K [0x00000000e0000000, 0x0000000100000000)
  region size 1024K, 1 young (1024K), 1 survivors (1024K)
 Metaspace       used 35782K, committed 36288K, reserved 348160K
  class space    used 4924K, committed 5184K, reserved 315392K
}
Event: 8.182 GC heap before
{Heap before GC invocations=9 (full 0):
 garbage-first heap   total 262144K, used 211939K [0x00000000e0000000, 0x0000000100000000)
  region size 1024K, 131 young (134144K), 1 survivors (1024K)
 Metaspace       used 47885K, committed 48512K, reserved 364544K
  class space    used 6650K, committed 6912K, reserved 315392K
}
Event: 8.187 GC heap after
{Heap after GC invocations=10 (full 0):
 garbage-first heap   total 262144K, used 84974K [0x00000000e0000000, 0x0000000100000000)
  region size 1024K, 8 young (8192K), 8 survivors (8192K)
 Metaspace       used 47885K, committed 48512K, reserved 364544K
  class space    used 6650K, committed 6912K, reserved 315392K
}
Event: 8.245 GC heap before
{Heap before GC invocations=10 (full 0):
 garbage-first heap   total 262144K, used 89070K [0x00000000e0000000, 0x0000000100000000)
  region size 1024K, 12 young (12288K), 8 survivors (8192K)
 Metaspace       used 48382K, committed 48960K, reserved 364544K
  class space    used 6717K, committed 6976K, reserved 315392K
}
Event: 8.249 GC heap after
{Heap after GC invocations=11 (full 0):
 garbage-first heap   total 262144K, used 85914K [0x00000000e0000000, 0x0000000100000000)
  region size 1024K, 1 young (1024K), 1 survivors (1024K)
 Metaspace       used 48382K, committed 48960K, reserved 364544K
  class space    used 6717K, committed 6976K, reserved 315392K
}
Event: 10.553 GC heap before
{Heap before GC invocations=11 (full 0):
 garbage-first heap   total 262144K, used 203674K [0x00000000e0000000, 0x0000000100000000)
  region size 1024K, 116 young (118784K), 1 survivors (1024K)
 Metaspace       used 55753K, committed 56448K, reserved 364544K
  class space    used 7874K, committed 8192K, reserved 315392K
}
Event: 10.558 GC heap after
{Heap after GC invocations=12 (full 0):
 garbage-first heap   total 262144K, used 93302K [0x00000000e0000000, 0x0000000100000000)
  region size 1024K, 9 young (9216K), 9 survivors (9216K)
 Metaspace       used 55753K, committed 56448K, reserved 364544K
  class space    used 7874K, committed 8192K, reserved 315392K
}
Event: 11.231 GC heap before
{Heap before GC invocations=12 (full 0):
 garbage-first heap   total 262144K, used 158838K [0x00000000e0000000, 0x0000000100000000)
  region size 1024K, 73 young (74752K), 9 survivors (9216K)
 Metaspace       used 60084K, committed 60736K, reserved 372736K
  class space    used 8576K, committed 8896K, reserved 315392K
}
Event: 11.237 GC heap after
{Heap after GC invocations=13 (full 0):
 garbage-first heap   total 262144K, used 99292K [0x00000000e0000000, 0x0000000100000000)
  region size 1024K, 4 young (4096K), 4 survivors (4096K)
 Metaspace       used 60084K, committed 60736K, reserved 372736K
  class space    used 8576K, committed 8896K, reserved 315392K
}

